<?xml version="1.0" encoding="UTF-8" ?>
<testsuite errors="0" failures="1" hostname="cichy-laptop" name="org.netbeans.modules.compapp.catd.ConfiguredTest" tests="1" time="0.767" timestamp="2013-11-13T13:42:23">
  <properties>
    <property name="libs.jsp-compiler.javadoc" value="" />
    <property name="netbeans.autoupdate.country" value="US" />
    <property name="com.sun.jbi.sa.internal.routing" value="true" />
    <property name="libs.Encoder-HL7.javadoc" value="" />
    <property name="libs.jsf20.maven-pom" value="" />
    <property name="source.root" value="src" />
    <property name="libs.junit.javadoc" value="C:\OpenESB-v2.3\netbeans\java\docs\junit-3.8.2-api.zip" />
    <property name="ant.core.lib" value="C:\OpenESB-v2.3\netbeans\java\ant\lib\ant.jar" />
    <property name="libs.jsp-compilation.javadoc" value="" />
    <property name="user.dir" value="D:\Dropbox\DTU\webservices\travelgood\trunk\TravelGoodApp" />
    <property name="libs.hibernate-persistence.javadoc" value="" />
    <property name="java.vm.version" value="24.45-b08" />
    <property name="libs.jstl11.maven-pom" value="" />
    <property name="libs.JAX-WS-ENDORSED.classpath" value="C:\OpenESB-v2.3\netbeans\java\modules\ext\jaxws22\api\jaxws-api.jar;C:\OpenESB-v2.3\netbeans\ide\modules\ext\jaxb\api\jaxb-api.jar" />
    <property name="libs.MySQLDriver.classpath" value="C:\OpenESB-v2.3\netbeans\ide\modules\ext\mysql-connector-java-5.1.18-bin.jar" />
    <property name="jbi.content.additional" value="../TravelGoodBpel/build/SEDeployment.jar" />
    <property name="libs.eclipselinkmodelgen.src" value="" />
    <property name="libs.jstl11.src" value="" />
    <property name="netbeans.autoupdate.version" value="1.23" />
    <property name="libs.javaee-web-api-6.0.classpath" value="C:\OpenESB-v2.3\netbeans\enterprise\modules\ext\javaee-web-api-6.0.jar" />
    <property name="libs.hibernate-support.maven-pom" value="" />
    <property name="libs.hibernate-support.javadoc" value="" />
    <property name="jdk.home" value="C:\Program Files (x86)\Java\jdk1.7.0_45" />
    <property name="libs.javac-api.src" value="" />
    <property name="xml.module.install.dir" value="C:\OpenESB-v2.3\netbeans\soa\modules" />
    <property name="sun.os.patch.level" value="" />
    <property name="java.vm.specification.name" value="Java Virtual Machine Specification" />
    <property name="libs.Encoder-Custom.javadoc" value="" />
    <property name="nb.show.statistics.ui" value="usageStatisticsEnabled" />
    <property name="netbeans.autoupdate.variant" value="" />
    <property name="have.tests" value="true" />
    <property name="ant.file.type.TravelGoodApp-jbi-impl" value="file" />
    <property name="org.xml.sax.driver" value="com.sun.org.apache.xerces.internal.jaxp.SAXParserImpl$JAXPSAXParser" />
    <property name="j2ee.server.instance" value="[C:\OpenESB-v2.3\glassfish]deployer:Sun:AppServer::localhost:4848" />
    <property name="netbeans.derby.system.home" value="C:\OpenESB-v2.3\glassfish\databases" />
    <property name="libs.javac-api.javadoc" value="" />
    <property name="os.name" value="Windows 8" />
    <property name="esb.netbeans.platform" value="C:\OpenESB-v2.3\netbeans\platform" />
    <property name="libs.beans-binding.classpath" value="C:\OpenESB-v2.3\netbeans\java\modules\ext\beansbinding-1.2.1.jar" />
    <property name="libs.restapi.javadoc" value="C:\OpenESB-v2.3\netbeans\enterprise\docs\jsr311-api-1.1.1-javadoc.zip" />
    <property name="libs.JWSAntTasks.maven-pom" value="" />
    <property name="libs.testng.src" value="" />
    <property name="libs.spring-webmvc3.0.src" value="" />
    <property name="libs.restapi.classpath" value="C:\OpenESB-v2.3\netbeans\enterprise\modules\ext\rest\jsr311-api-1.1.1.jar" />
    <property name="java.vendor.url.bug" value="http://bugreport.sun.com/bugreport/" />
    <property name="netbeans.user.dir" value="C:\OpenESB-v2.3\netbeans" />
    <property name="libs.jaxb.maven-pom" value="" />
    <property name="os.arch" value="x86" />
    <property name="libs.Encoder-Custom.classpath" value="C:\OpenESB-v2.3\netbeans\soa\modules\ext\custom.jar;C:\OpenESB-v2.3\netbeans\soa\modules\ext\customencoder-xsdextension.jar" />
    <property name="libs.eclipselink.src" value="" />
    <property name="user.name" value="Bartosz" />
    <property name="libs.jsf12.javadoc" value="C:\OpenESB-v2.3\netbeans\enterprise\docs\javaee6-doc-api.zip" />
    <property name="libs.spring-webmvc3.0.maven-pom" value="" />
    <property name="libs.swing-layout.maven-pom" value="" />
    <property name="sun.java.command" value="org.apache.tools.ant.taskdefs.optional.junit.JUnitTestRunner org.netbeans.modules.compapp.catd.ConfiguredTest filtertrace=true haltOnError=false haltOnFailure=false showoutput=true outputtoformatters=true logfailedtests=true logtestlistenerevents=true formatter=org.apache.tools.ant.taskdefs.optional.junit.BriefJUnitResultFormatter formatter=org.apache.tools.ant.taskdefs.optional.junit.XMLJUnitResultFormatter,D:\Dropbox\DTU\webservices\travelgood\trunk\TravelGoodApp\test\results\TEST-org.netbeans.modules.compapp.catd.ConfiguredTest.xml crashfile=C:\Users\Bartosz\AppData\Local\Temp\junitvmwatcher915685243021645569.properties propsfile=C:\Users\Bartosz\AppData\Local\Temp\junit2297449511330136378.properties" />
    <property name="build.classes.dir" value="build/jar" />
    <property name="enterprise.module.install.dir" value="C:\OpenESB-v2.3\netbeans\enterprise\modules" />
    <property name="libs.jaxws21.javadoc" value="C:\OpenESB-v2.3\netbeans\java\docs\jaxws-api-doc.zip" />
    <property name="user.country" value="US" />
    <property name="libs.jstl11.javadoc" value="C:\OpenESB-v2.3\netbeans\enterprise\docs\javaee6-doc-api.zip" />
    <property name="libs.jsp-compilation-syscp.src" value="" />
    <property name="libs.JAVADB_DRIVER_LABEL.src" value="" />
    <property name="meta.inf" value="src/conf" />
    <property name="ServerPassword" value="adminadmin" />
    <property name="netbeans.home" value="C:\OpenESB-v2.3\netbeans\platform" />
    <property name="build.compiler.emacs" value="true" />
    <property name="libs.javaee-web-api-6.0.src" value="" />
    <property name="libs.ejb3-persistence.src" value="" />
    <property name="libs.jsp-compilation-syscp.classpath" value="C:\OpenESB-v2.3\netbeans\java\ant\lib\ant.jar;C:\OpenESB-v2.3\netbeans\enterprise\modules\ext\servlet3.0-jsp2.2-api.jar;C:\OpenESB-v2.3\netbeans\enterprise\modules\ext\glassfish-jspparser-3.0.jar;C:\OpenESB-v2.3\netbeans\enterprise\modules\ext\standard.jar;C:\OpenESB-v2.3\netbeans\enterprise\modules\ext\jsf-2_1\jsf-impl.jar" />
    <property name="java.endorsed.dirs" value="C:\Program Files (x86)\Java\jdk1.7.0_45\jre\lib\endorsed" />
    <property name="user.language.format" value="pl" />
    <property name="netbeans.dynamic.classpath" value="C:\OpenESB-v2.3\netbeans\platform\core\core.jar;C:\OpenESB-v2.3\netbeans\platform\core\org-openide-filesystems.jar;C:\OpenESB-v2.3\netbeans\platform\core\locale\core_ja.jar;C:\OpenESB-v2.3\netbeans\platform\core\locale\core_pt_BR.jar;C:\OpenESB-v2.3\netbeans\platform\core\locale\core_ru.jar;C:\OpenESB-v2.3\netbeans\platform\core\locale\core_zh_CN.jar;C:\OpenESB-v2.3\netbeans\platform\core\locale\org-openide-filesystems_ja.jar;C:\OpenESB-v2.3\netbeans\platform\core\locale\org-openide-filesystems_pt_BR.jar;C:\OpenESB-v2.3\netbeans\platform\core\locale\org-openide-filesystems_ru.jar;C:\OpenESB-v2.3\netbeans\platform\core\locale\org-openide-filesystems_zh_CN.jar;C:\OpenESB-v2.3\netbeans\soa\core\locale\core_soa.jar;C:\OpenESB-v2.3\netbeans\nb\core\org-netbeans-upgrader.jar;C:\OpenESB-v2.3\netbeans\nb\core\locale\core_nb.jar;C:\OpenESB-v2.3\netbeans\nb\core\locale\core_nb_ja.jar;C:\OpenESB-v2.3\netbeans\nb\core\locale\core_nb_pt_BR.jar;C:\OpenESB-v2.3\netbeans\nb\core\locale\core_nb_ru.jar;C:\OpenESB-v2.3\netbeans\nb\core\locale\core_nb_zh_CN.jar;C:\OpenESB-v2.3\netbeans\nb\core\locale\org-netbeans-upgrader_ja.jar;C:\OpenESB-v2.3\netbeans\nb\core\locale\org-netbeans-upgrader_pt_BR.jar;C:\OpenESB-v2.3\netbeans\nb\core\locale\org-netbeans-upgrader_ru.jar;C:\OpenESB-v2.3\netbeans\nb\core\locale\org-netbeans-upgrader_zh_CN.jar" />
    <property name="java.vm.specification.version" value="1.7" />
    <property name="libs.primefaces.classpath" value="C:\OpenESB-v2.3\netbeans\enterprise\modules\ext\primefaces\primefaces-3.2.jar" />
    <property name="libs.javaee-api-6.0.classpath" value="C:\OpenESB-v2.3\netbeans\enterprise\modules\ext\javaee-api-6.0.jar" />
    <property name="netbeans.productversion" value="OpenESB IDE 2.3" />
    <property name="java.awt.headless" value="${java.awt.headless}" />
    <property name="libs.hibernate-persistence.classpath" value="C:\OpenESB-v2.3\netbeans\java\modules\ext\hibernate\antlr-2.7.6.jar;C:\OpenESB-v2.3\netbeans\java\modules\ext\hibernate\asm.jar;C:\OpenESB-v2.3\netbeans\java\modules\ext\hibernate\asm-attrs.jar;C:\OpenESB-v2.3\netbeans\java\modules\ext\hibernate\cglib-2.1.3.jar;C:\OpenESB-v2.3\netbeans\java\modules\ext\hibernate\commons-collections-2.1.1.jar;C:\OpenESB-v2.3\netbeans\ide\modules\org-apache-commons-logging.jar;C:\OpenESB-v2.3\netbeans\java\modules\ext\hibernate\dom4j-1.6.1.jar;C:\OpenESB-v2.3\netbeans\java\modules\ext\hibernate\ehcache-1.2.3.jar;C:\OpenESB-v2.3\netbeans\java\modules\ext\hibernate\jdbc2_0-stdext.jar;C:\OpenESB-v2.3\netbeans\java\modules\ext\hibernate\jta.jar;C:\OpenESB-v2.3\netbeans\java\modules\ext\hibernate\hibernate3.jar;C:\OpenESB-v2.3\netbeans\java\modules\ext\hibernate\hibernate-tools.jar;C:\OpenESB-v2.3\netbeans\java\modules\ext\hibernate\hibernate-annotations.jar;C:\OpenESB-v2.3\netbeans\java\modules\ext\hibernate\hibernate-commons-annotations.jar;C:\OpenESB-v2.3\netbeans\java\modules\ext\hibernate\hibernate-entitymanager.jar;C:\OpenESB-v2.3\netbeans\java\modules\ext\hibernate\javassist.jar;C:\OpenESB-v2.3\netbeans\java\modules\ext\hibernate\ejb3-persistence.jar" />
    <property name="libs.jaxws21.src" value="" />
    <property name="netbeans.autoupdate.language" value="en" />
    <property name="org.netbeans.core.startup.specialResource" value="nullcom.sun.jdo.api.persistence.mapping.ejb" />
    <property name="libs.Encoder-Framework.javadoc" value="" />
    <property name="java.vendor" value="Oracle Corporation" />
    <property name="libs.javaee-api-6.0.javadoc" value="C:\OpenESB-v2.3\netbeans\enterprise\docs\javaee6-doc-api.zip" />
    <property name="file.separator" value="\" />
    <property name="libs.junit_4.maven-pom" value="" />
    <property name="netbeans.buildnumber" value="201210100934" />
    <property name="libs.JWSAntTasks.javadoc" value="" />
    <property name="user.variant" value="" />
    <property name="libs.eclipselinkmodelgen.classpath" value="C:\OpenESB-v2.3\netbeans\java\modules\ext\eclipselink\org.eclipse.persistence.jpa.modelgen.processor-2.3.2.jar" />
    <property name="sun.java.launcher" value="SUN_STANDARD" />
    <property name="libs.junit.classpath" value="C:\OpenESB-v2.3\netbeans\java\modules\ext\junit-3.8.2.jar" />
    <property name="libs.jaxb.javadoc" value="C:\OpenESB-v2.3\netbeans\ide\docs\jaxb-api-doc.zip" />
    <property name="libs.struts.classpath" value="C:\OpenESB-v2.3\netbeans\enterprise\modules\ext\struts\antlr-2.7.2.jar;C:\OpenESB-v2.3\netbeans\enterprise\modules\ext\struts\bsf-2.3.0.jar;C:\OpenESB-v2.3\netbeans\enterprise\modules\ext\struts\commons-beanutils-1.8.0.jar;C:\OpenESB-v2.3\netbeans\enterprise\modules\ext\struts\commons-chain-1.2.jar;C:\OpenESB-v2.3\netbeans\enterprise\modules\ext\struts\commons-digester-1.8.jar;C:\OpenESB-v2.3\netbeans\enterprise\modules\ext\struts\commons-fileupload-1.1.1.jar;C:\OpenESB-v2.3\netbeans\enterprise\modules\ext\struts\commons-io-1.1.jar;C:\OpenESB-v2.3\netbeans\enterprise\modules\ext\struts\commons-logging-1.0.4.jar;C:\OpenESB-v2.3\netbeans\enterprise\modules\ext\struts\commons-validator-1.3.1.jar;C:\OpenESB-v2.3\netbeans\enterprise\modules\ext\struts\jstl-1.0.2.jar;C:\OpenESB-v2.3\netbeans\enterprise\modules\ext\struts\oro-2.0.8.jar;C:\OpenESB-v2.3\netbeans\enterprise\modules\ext\struts\standard-1.0.6.jar;C:\OpenESB-v2.3\netbeans\enterprise\modules\ext\struts\struts-core-1.3.10.jar;C:\OpenESB-v2.3\netbeans\enterprise\modules\ext\struts\struts-el-1.3.10.jar;C:\OpenESB-v2.3\netbeans\enterprise\modules\ext\struts\struts-extras-1.3.10.jar;C:\OpenESB-v2.3\netbeans\enterprise\modules\ext\struts\struts-faces-1.3.10.jar;C:\OpenESB-v2.3\netbeans\enterprise\modules\ext\struts\struts-mailreader-dao-1.3.10.jar;C:\OpenESB-v2.3\netbeans\enterprise\modules\ext\struts\struts-scripting-1.3.10.jar;C:\OpenESB-v2.3\netbeans\enterprise\modules\ext\struts\struts-taglib-1.3.10.jar;C:\OpenESB-v2.3\netbeans\enterprise\modules\ext\struts\struts-tiles-1.3.10.jar" />
    <property name="org.openide.awt.SwingBrowserImpl.do-not-block-awt" value="true" />
    <property name="ant.home" value="C:\OpenESB-v2.3\netbeans\java\ant" />
    <property name="libs.junit_4.src" value="C:\OpenESB-v2.3\netbeans\java\docs\junit-4.10-sources.jar" />
    <property name="libs.testng.classpath" value="C:\OpenESB-v2.3\netbeans\platform\modules\ext\testng-6.5.1-dist.jar" />
    <property name="libs.absolutelayout.maven-pom" value="" />
    <property name="ant.java.version" value="1.7" />
    <property name="java.library.path" value="C:\Program Files (x86)\Java\jdk1.7.0_45\jre\bin;C:\WINDOWS\Sun\Java\bin;C:\WINDOWS\system32;C:\WINDOWS;C:\Program Files (x86)\NVIDIA Corporation\PhysX\Common;C:\Program Files (x86)\Intel\iCLS Client\;C:\Program Files\Intel\iCLS Client\;C:\WINDOWS\system32;C:\WINDOWS;C:\WINDOWS\System32\Wbem;C:\WINDOWS\System32\WindowsPowerShell\v1.0\;C:\Program Files\Intel\Intel(R) Management Engine Components\DAL;C:\Program Files\Intel\Intel(R) Management Engine Components\IPT;C:\Program Files (x86)\Intel\Intel(R) Management Engine Components\DAL;C:\Program Files (x86)\Intel\Intel(R) Management Engine Components\IPT;C:\Program Files\Intel\WiFi\bin\;C:\Program Files\Common Files\Intel\WirelessCommon\;D:\dev\mysql\MySQL Utilities 1.3.4\;C:\Program Files\TortoiseSVN\bin;C:\Program Files\TortoiseGit\bin;D:\dev\jdk\jdk1.7.0_25\bin;D:\dev\maven\apache-maven-3.1.0\bin;D:\dev\ant\apache-ant-1.9.2\bin;C:\Program Files\Intel\WiFi\bin\;C:\Program Files\Common Files\Intel\WirelessCommon\;D:\dev\android_sdk\tools;D:\dev\android_sdk\platform-tools;C:\Users\Bartosz\tools\nirsoft launcher\NirSoft\x64;." />
    <property name="libs.metro.maven-pom" value="" />
    <property name="libs.Encoder-HL7.classpath" value="C:\OpenESB-v2.3\netbeans\soa\modules\ext\hl7.jar;C:\OpenESB-v2.3\netbeans\soa\modules\ext\hl7encoder-xsdextension.jar" />
    <property name="java.util.logging.config.class" value="org.netbeans.core.startup.TopLogging" />
    <property name="libs.PostgreSQLDriver.src" value="" />
    <property name="sun.arch.data.model" value="32" />
    <property name="basedir" value="D:\Dropbox\DTU\webservices\travelgood\trunk\TravelGoodApp" />
    <property name="libs.jpa20-persistence.maven-pom" value="" />
    <property name="libs.jstl11.classpath" value="C:\OpenESB-v2.3\netbeans\enterprise\modules\ext\standard.jar;C:\OpenESB-v2.3\netbeans\enterprise\modules\ext\jstl.jar" />
    <property name="path.separator" value=";" />
    <property name="libs.javaee-web-api-6.0.javadoc" value="C:\OpenESB-v2.3\netbeans\enterprise\docs\javaee6-doc-api.zip" />
    <property name="ant.junit.enabletestlistenerevents" value="true" />
    <property name="sun.io.unicode.encoding" value="UnicodeLittle" />
    <property name="libs.jaxws21.classpath" value="C:\OpenESB-v2.3\netbeans\ide\modules\ext\jaxb\jaxb-impl.jar;C:\OpenESB-v2.3\netbeans\ide\modules\ext\jaxb\jaxb-xjc.jar;C:\OpenESB-v2.3\netbeans\java\modules\ext\jaxws22\FastInfoset.jar;C:\OpenESB-v2.3\netbeans\java\modules\ext\jaxws22\gmbal-api-only.jar;C:\OpenESB-v2.3\netbeans\java\modules\ext\jaxws22\ha-api.jar;C:\OpenESB-v2.3\netbeans\java\modules\ext\jaxws22\javax.mail_1.4.jar;C:\OpenESB-v2.3\netbeans\java\modules\ext\jaxws22\jaxws-rt.jar;C:\OpenESB-v2.3\netbeans\java\modules\ext\jaxws22\jaxws-tools.jar;C:\OpenESB-v2.3\netbeans\java\modules\ext\jaxws22\management-api.jar;C:\OpenESB-v2.3\netbeans\java\modules\ext\jaxws22\mimepull.jar;C:\OpenESB-v2.3\netbeans\java\modules\ext\jaxws22\policy.jar;C:\OpenESB-v2.3\netbeans\java\modules\ext\jaxws22\saaj-impl.jar;C:\OpenESB-v2.3\netbeans\java\modules\ext\jaxws22\stax-ex.jar;C:\OpenESB-v2.3\netbeans\java\modules\ext\jaxws22\stax2-api.jar;C:\OpenESB-v2.3\netbeans\java\modules\ext\jaxws22\streambuffer.jar;C:\OpenESB-v2.3\netbeans\java\modules\ext\jaxws22\woodstox-core-asl.jar;C:\OpenESB-v2.3\netbeans\java\modules\ext\jaxws22\api\jaxws-api.jar;C:\OpenESB-v2.3\netbeans\java\modules\ext\jaxws22\api\jsr181-api.jar;C:\OpenESB-v2.3\netbeans\java\modules\ext\jaxws22\api\javax.annotation.jar;C:\OpenESB-v2.3\netbeans\java\modules\ext\jaxws22\api\saaj-api.jar;C:\OpenESB-v2.3\netbeans\ide\modules\ext\jaxb\activation.jar;C:\OpenESB-v2.3\netbeans\ide\modules\ext\jaxb\api\jaxb-api.jar;C:\OpenESB-v2.3\netbeans\ide\modules\ext\jaxb\api\jsr173_1.0_api.jar" />
    <property name="libs.struts.src" value="" />
    <property name="user.language" value="en" />
    <property name="libs.Encoder-Framework.src" value="" />
    <property name="libs.JAXB-ENDORSED.maven-pom" value="" />
    <property name="ant.file." value="D:\Dropbox\DTU\webservices\travelgood\trunk\TravelGoodApp\build.xml" />
    <property name="libs.spring-framework.classpath" value="C:\OpenESB-v2.3\netbeans\ide\modules\org-apache-commons-logging.jar;C:\OpenESB-v2.3\netbeans\java\modules\ext\cglib-2.2.jar;C:\OpenESB-v2.3\netbeans\java\modules\ext\spring\spring-2.5.6.SEC03.jar" />
    <property name="libs.eclipselink.maven-pom" value="" />
    <property name="libs.primefaces.javadoc" value="" />
    <property name="libs.spring-framework300.maven-pom" value="" />
    <property name="ant.project.invoked-targets" value="test-single" />
    <property name="libs.Encoder-Framework.classpath" value="C:\OpenESB-v2.3\netbeans\soa\modules\ext\encoderframework.jar;C:\OpenESB-v2.3\netbeans\soa\modules\ext\encoderfrmwk-xsdextension.jar;C:\OpenESB-v2.3\netbeans\soa\modules\ext\xbean.jar" />
    <property name="libs.swing-layout.javadoc" value="C:\OpenESB-v2.3\netbeans\platform\docs\swing-layout-1.0.4-doc.zip" />
    <property name="sun.java2d.d3d" value="false" />
    <property name="libs.ejb3-persistence.maven-pom" value="" />
    <property name="libs.PostgreSQLDriver.maven-pom" value="" />
    <property name="java.class.version" value="51.0" />
    <property name="libs.JAVADB_DRIVER_LABEL.classpath" value="C:\Program Files (x86)\Java\jdk1.7.0_45\db\lib\derby.jar;C:\Program Files (x86)\Java\jdk1.7.0_45\db\lib\derbyclient.jar;C:\Program Files (x86)\Java\jdk1.7.0_45\db\lib\derbynet.jar" />
    <property name="libs.javaee-endorsed-api-6.0.src" value="" />
    <property name="netbeans.system_http_proxy" value="DIRECT" />
    <property name="libs.eclipselink.javadoc" value="" />
    <property name="libs.jsp-compilation.maven-pom" value="" />
    <property name="user.properties.file" value="C:\OpenESB-v2.3\.netbeans\openesb\build.properties" />
    <property name="libs.spring-framework.src" value="" />
    <property name="libs.javac-api.maven-pom" value="" />
    <property name="file.encoding.pkg" value="sun.io" />
    <property name="sun.cpu.endian" value="little" />
    <property name="libs.JAXB-ENDORSED.javadoc" value="" />
    <property name="libs.JWSAntTasks.classpath" value="C:\OpenESB-v2.3\netbeans\java\ant\extra\org-netbeans-modules-javawebstart-anttasks.jar" />
    <property name="libs.spring-framework300.src" value="" />
    <property name="libs.PojoSELib.src" value="C:\OpenESB-v2.3\netbeans\soa\modules\ext\sun-pojo-engine-api-src.jar" />
    <property name="libs.jpa20-persistence.javadoc" value="" />
    <property name="java.home" value="C:\Program Files (x86)\Java\jdk1.7.0_45\jre" />
    <property name="libs.jsp-compilation.src" value="" />
    <property name="libs.spring-webmvc.src" value="" />
    <property name="libs.javaee-endorsed-api-6.0.classpath" value="C:\OpenESB-v2.3\netbeans\enterprise\modules\ext\javaee6-endorsed\javax.annotation.jar;C:\OpenESB-v2.3\netbeans\enterprise\modules\ext\javaee6-endorsed\jaxb-api-osgi.jar;C:\OpenESB-v2.3\netbeans\enterprise\modules\ext\javaee6-endorsed\webservices-api-osgi.jar" />
    <property name="libs.javaee-api-6.0.src" value="" />
    <property name="ant.project.default-target" value="default" />
    <property name="libs.PostgreSQLDriver.javadoc" value="" />
    <property name="libs.restlib.classpath" value="C:\OpenESB-v2.3\netbeans\enterprise\modules\ext\rest\asm-3.1.jar;C:\OpenESB-v2.3\netbeans\enterprise\modules\ext\rest\jackson-core-asl-1.7.1.jar;C:\OpenESB-v2.3\netbeans\enterprise\modules\ext\rest\jackson-jaxrs-1.7.1.jar;C:\OpenESB-v2.3\netbeans\enterprise\modules\ext\rest\jackson-mapper-asl-1.7.1.jar;C:\OpenESB-v2.3\netbeans\enterprise\modules\ext\rest\jackson-xc-1.7.1.jar;C:\OpenESB-v2.3\netbeans\enterprise\modules\ext\rest\jersey-apache-client-1.8.jar;C:\OpenESB-v2.3\netbeans\enterprise\modules\ext\rest\jersey-atom-abdera-1.8.jar;C:\OpenESB-v2.3\netbeans\enterprise\modules\ext\rest\jersey-client-1.8.jar;C:\OpenESB-v2.3\netbeans\enterprise\modules\ext\rest\jersey-core-1.8.jar;C:\OpenESB-v2.3\netbeans\enterprise\modules\ext\rest\jersey-guice-1.8.jar;C:\OpenESB-v2.3\netbeans\enterprise\modules\ext\rest\jersey-json-1.8.jar;C:\OpenESB-v2.3\netbeans\enterprise\modules\ext\rest\jersey-multipart-1.8.jar;C:\OpenESB-v2.3\netbeans\enterprise\modules\ext\rest\jersey-server-1.8.jar;C:\OpenESB-v2.3\netbeans\enterprise\modules\ext\rest\jersey-simple-server-1.8.jar;C:\OpenESB-v2.3\netbeans\enterprise\modules\ext\rest\jersey-spring-1.8.jar;C:\OpenESB-v2.3\netbeans\enterprise\modules\ext\rest\jettison-1.1.jar;C:\OpenESB-v2.3\netbeans\enterprise\modules\ext\rest\oauth-client-1.8.jar;C:\OpenESB-v2.3\netbeans\enterprise\modules\ext\rest\oauth-server-1.8.jar;C:\OpenESB-v2.3\netbeans\enterprise\modules\ext\rest\oauth-signature-1.8.jar;C:\OpenESB-v2.3\netbeans\ide\modules\ext\jaxb\activation.jar;C:\OpenESB-v2.3\netbeans\ide\modules\ext\jaxb\api\jaxb-api.jar;C:\OpenESB-v2.3\netbeans\ide\modules\ext\jaxb\api\jsr173_1.0_api.jar" />
    <property name="libs.JAX-WS-ENDORSED.maven-pom" value="" />
    <property name="jbi.service-unit.description" value="Represents this Service Unit" />
    <property name="libs.MySQLDriver.maven-pom" value="" />
    <property name="libs.JAX-WS-ENDORSED.src" value="" />
    <property name="libs.junit_4.javadoc" value="C:\OpenESB-v2.3\netbeans\java\docs\junit-4.10-javadoc.jar" />
    <property name="libs.spring-webmvc.javadoc" value="" />
    <property name="test.results.dir" value="D:\Dropbox\DTU\webservices\travelgood\trunk\TravelGoodApp/test/results" />
    <property name="libs.javaee-web-api-6.0.maven-pom" value="" />
    <property name="libs.hibernate-support.src" value="" />
    <property name="jna.boot.library.name" value="jnidispatch-340" />
    <property name="project.TravelGoodBpel" value="../TravelGoodBpel" />
    <property name="libs.javaee-endorsed-api-6.0.javadoc" value="C:\OpenESB-v2.3\netbeans\enterprise\docs\javaee6-doc-api.zip" />
    <property name="libs.PojoSELib.classpath" value="C:\OpenESB-v2.3\netbeans\soa\modules\ext\sun-pojo-engine-api.jar;C:\OpenESB-v2.3\netbeans\soa\modules\ext\jbi.jar" />
    <property name="ant.file.type." value="file" />
    <property name="libs.spring-webmvc3.0.javadoc" value="" />
    <property name="libs.restapi.src" value="" />
    <property name="sun.management.compiler" value="HotSpot Client Compiler" />
    <property name="sun.java2d.noddraw" value="true" />
    <property name="libs.jsp-compiler.classpath" value="C:\OpenESB-v2.3\netbeans\enterprise\ant\extra\jspcompile.jar" />
    <property name="libs.spring-webmvc.classpath" value="C:\OpenESB-v2.3\netbeans\enterprise\modules\ext\spring\spring-webmvc-2.5.6.SEC03.jar" />
    <property name="ant.file" value="D:\Dropbox\DTU\webservices\travelgood\trunk\TravelGoodApp\build.xml" />
    <property name="libs.beans-binding.maven-pom" value="" />
    <property name="com.sun.jbi.routing.bc.autoconnect" value="true" />
    <property name="libs.jsf12.classpath" value="C:\OpenESB-v2.3\netbeans\enterprise\modules\ext\jsf-1_2\commons-beanutils.jar;C:\OpenESB-v2.3\netbeans\enterprise\modules\ext\jsf-1_2\commons-collections.jar;C:\OpenESB-v2.3\netbeans\enterprise\modules\ext\jsf-1_2\commons-digester.jar;C:\OpenESB-v2.3\netbeans\enterprise\modules\ext\jsf-1_2\commons-logging.jar;C:\OpenESB-v2.3\netbeans\enterprise\modules\ext\jsf-1_2\jsf-api.jar;C:\OpenESB-v2.3\netbeans\enterprise\modules\ext\jsf-1_2\jsf-impl.jar" />
    <property name="reference.TravelGoodBpel.dist_se" value="../TravelGoodBpel/build/SEDeployment.jar" />
    <property name="libs.Encoder-HL7.src" value="" />
    <property name="GenerateATSOutput" value="${generate.ats.output}" />
    <property name="libs.restapi.maven-pom" value="" />
    <property name="no.catd.context" value="true" />
    <property name="libs.beans-binding.src" value="" />
    <property name="java.vm.specification.vendor" value="Oracle Corporation" />
    <property name="libs.swing-layout.src" value="C:\OpenESB-v2.3\netbeans\platform\docs\swing-layout-1.0.4-src.zip" />
    <property name="org.openide.major.version" value="IDE/1" />
    <property name="java.vm.name" value="Java HotSpot(TM) Client VM" />
    <property name="libs.Encoder-Custom.maven-pom" value="" />
    <property name="netbeans.user" value="C:\OpenESB-v2.3\.netbeans\openesb" />
    <property name="java.io.tmpdir" value="C:\Users\Bartosz\AppData\Local\Temp\" />
    <property name="java.vendor.url" value="http://java.oracle.com/" />
    <property name="libs.jsp-compiler.src" value="" />
    <property name="org.openide.awt.ActionReference.completion" value="org.netbeans.modules.apisupport.project.layers.PathCompletions" />
    <property name="libs.Encoder-COCO.src" value="" />
    <property name="sun.boot.library.path" value="C:\Program Files (x86)\Java\jdk1.7.0_45\jre\bin" />
    <property name="ant.file.TravelGoodApp-jbi-impl" value="D:\Dropbox\DTU\webservices\travelgood\trunk\TravelGoodApp\nbproject\build-impl.xml" />
    <property name="libs.jsf20.classpath" value="C:\OpenESB-v2.3\netbeans\enterprise\modules\ext\jsf-2_1\jsf-api.jar;C:\OpenESB-v2.3\netbeans\enterprise\modules\ext\jsf-2_1\jsf-impl.jar" />
    <property name="src.build.dir" value="src/jbiServiceUnits" />
    <property name="dist.jar" value="dist/TravelGoodApp.zip" />
    <property name="java.runtime.name" value="Java(TM) SE Runtime Environment" />
    <property name="ant.project.name" value="" />
    <property name="libs.PojoSELib.javadoc" value="C:\OpenESB-v2.3\netbeans\soa\modules\ext\sun-pojo-engine-api-javadoc.jar" />
    <property name="netbeans.hash.code" value="unique=NB_GLASSFISH02ff903ee-73c6-4f6c-bb38-4f916e4525ca_5a141330-93dd-4110-a40f-8fc1194885a2" />
    <property name="netbeans.default_userdir_root" value="" />
    <property name="libs.jsp-compilation-syscp.maven-pom" value="" />
    <property name="sun.cpu.isalist" value="pentium_pro+mmx pentium_pro pentium+mmx pentium i486 i386 i86" />
    <property name="libs.CopyLibs.javadoc" value="" />
    <property name="org.openide.specification.version" value="6.2" />
    <property name="libs.hibernate-support.classpath" value="C:\OpenESB-v2.3\netbeans\java\modules\ext\hibernate\antlr-2.7.6.jar;C:\OpenESB-v2.3\netbeans\java\modules\ext\hibernate\asm.jar;C:\OpenESB-v2.3\netbeans\java\modules\ext\hibernate\asm-attrs.jar;C:\OpenESB-v2.3\netbeans\java\modules\ext\hibernate\cglib-2.1.3.jar;C:\OpenESB-v2.3\netbeans\java\modules\ext\hibernate\commons-collections-2.1.1.jar;C:\OpenESB-v2.3\netbeans\ide\modules\org-apache-commons-logging.jar;C:\OpenESB-v2.3\netbeans\java\modules\ext\hibernate\dom4j-1.6.1.jar;C:\OpenESB-v2.3\netbeans\java\modules\ext\hibernate\ehcache-1.2.3.jar;C:\OpenESB-v2.3\netbeans\java\modules\ext\hibernate\jdbc2_0-stdext.jar;C:\OpenESB-v2.3\netbeans\java\modules\ext\hibernate\jta.jar;C:\OpenESB-v2.3\netbeans\java\modules\ext\hibernate\hibernate3.jar;C:\OpenESB-v2.3\netbeans\java\modules\ext\hibernate\hibernate-tools.jar;C:\OpenESB-v2.3\netbeans\java\modules\ext\hibernate\hibernate-annotations.jar;C:\OpenESB-v2.3\netbeans\java\modules\ext\hibernate\hibernate-commons-annotations.jar;C:\OpenESB-v2.3\netbeans\java\modules\ext\hibernate\hibernate-entitymanager.jar;C:\OpenESB-v2.3\netbeans\java\modules\ext\hibernate\javassist.jar" />
    <property name="user.home" value="C:\Users\Bartosz" />
    <property name="libs.primefaces.maven-pom" value="" />
    <property name="com.sun.jbi.routing" value="true" />
    <property name="libs.javaee-api-6.0.maven-pom" value="" />
    <property name="libs.JWSAntTasks.src" value="" />
    <property name="libs.CopyLibs.maven-pom" value="" />
    <property name="libs.spring-framework300.javadoc" value="" />
    <property name="resource.TravelGoodBpel" value="../TravelGoodBpel/setup" />
    <property name="libs.hibernate-persistence.maven-pom" value="" />
    <property name="libs.absolutelayout.javadoc" value="" />
    <property name="guice.disable.misplaced.annotation.check" value="true" />
    <property name="java.specification.name" value="Java Platform API Specification" />
    <property name="libs.Encoder-COCO.maven-pom" value="" />
    <property name="ide.module.install.dir" value="C:\OpenESB-v2.3\netbeans\ide\modules" />
    <property name="java.specification.vendor" value="Oracle Corporation" />
    <property name="libs.javac-api.classpath" value="C:\OpenESB-v2.3\netbeans\java\modules\ext\nb-javac-api.jar" />
    <property name="java.version" value="1.7.0_45" />
    <property name="libs.MySQLDriver.javadoc" value="" />
    <property name="org.openide.version" value="deprecated" />
    <property name="source.encoding" value="UTF-8" />
    <property name="libs.eclipselinkmodelgen.maven-pom" value="" />
    <property name="libs.jsp-compilation-syscp.javadoc" value="" />
    <property name="server.password" value="adminadmin" />
    <property name="libs.junit.maven-pom" value="" />
    <property name="libs.eclipselinkmodelgen.javadoc" value="" />
    <property name="libs.metro.javadoc" value="C:\OpenESB-v2.3\netbeans\enterprise\docs\metro-1.4-doc.zip" />
    <property name="libs.struts.maven-pom" value="" />
    <property name="libs.testng.maven-pom" value="" />
    <property name="NetBeansUserDir" value="C:\OpenESB-v2.3\.netbeans\openesb" />
    <property name="test.dir" value="test" />
    <property name="libs.jaxb.src" value="" />
    <property name="libs.Encoder-HL7.maven-pom" value="" />
    <property name="libs.jaxb.classpath" value="C:\OpenESB-v2.3\netbeans\ide\modules\ext\jaxb\jaxb-impl.jar;C:\OpenESB-v2.3\netbeans\ide\modules\ext\jaxb\jaxb-xjc.jar;C:\OpenESB-v2.3\netbeans\ide\modules\ext\jaxb\jaxb1-impl.jar;C:\OpenESB-v2.3\netbeans\ide\modules\ext\jaxb\activation.jar;C:\OpenESB-v2.3\netbeans\ide\modules\ext\jaxb\api\jaxb-api.jar;C:\OpenESB-v2.3\netbeans\ide\modules\ext\jaxb\api\jsr173_1.0_api.jar" />
    <property name="libs.swing-layout.classpath" value="C:\OpenESB-v2.3\netbeans\platform\modules\ext\swing-layout-1.0.4.jar" />
    <property name="libs.spring-webmvc3.0.classpath" value="C:\OpenESB-v2.3\netbeans\java\modules\ext\spring-3.0\spring-webmvc-3.1.1.RELEASE.jar" />
    <property name="libs.restlib.src" value="" />
    <property name="build.generated.dir" value="build/generated" />
    <property name="libs.hibernate-persistence.src" value="" />
    <property name="line.separator" value="&#xd;&#xa;" />
    <property name="java.specification.version" value="1.7" />
    <property name="libs.jaxws21.maven-pom" value="" />
    <property name="java.vm.info" value="mixed mode, sharing" />
    <property name="nb.registration.enabled" value="false" />
    <property name="user.country.format" value="PL" />
    <property name="libs.spring-framework.maven-pom" value="" />
    <property name="sun.boot.class.path" value="C:\Program Files (x86)\Java\jdk1.7.0_45\jre\lib\resources.jar;C:\Program Files (x86)\Java\jdk1.7.0_45\jre\lib\rt.jar;C:\Program Files (x86)\Java\jdk1.7.0_45\jre\lib\sunrsasign.jar;C:\Program Files (x86)\Java\jdk1.7.0_45\jre\lib\jsse.jar;C:\Program Files (x86)\Java\jdk1.7.0_45\jre\lib\jce.jar;C:\Program Files (x86)\Java\jdk1.7.0_45\jre\lib\charsets.jar;C:\Program Files (x86)\Java\jdk1.7.0_45\jre\lib\jfr.jar;C:\Program Files (x86)\Java\jdk1.7.0_45\jre\classes" />
    <property name="src.dir" value="src/jbiasa" />
    <property name="libs.Encoder-Framework.maven-pom" value="" />
    <property name="sun.awt.keepWorkingSetOnMinimize" value="true" />
    <property name="libs.jsf20.src" value="" />
    <property name="libs.jpa20-persistence.src" value="" />
    <property name="libs.jsf12.src" value="" />
    <property name="libs.JAVADB_DRIVER_LABEL.maven-pom" value="" />
    <property name="libs.struts.javadoc" value="C:\OpenESB-v2.3\netbeans\enterprise\docs\struts-1.3.10-javadoc.zip" />
    <property name="libs.primefaces.src" value="" />
    <property name="libs.JAX-WS-ENDORSED.javadoc" value="" />
    <property name="dist.dir" value="dist" />
    <property name="org.netbeans.modules.compapp.catd.context" value="" />
    <property name="inDebug" value="${inDebug}" />
    <property name="java.awt.printerjob" value="sun.awt.windows.WPrinterJob" />
    <property name="default.javac.source" value="1.7" />
    <property name="libs.MySQLDriver.src" value="" />
    <property name="sun.jnu.encoding" value="Cp1250" />
    <property name="jbi.service-assembly.id" value="TravelGoodApp" />
    <property name="libs.Encoder-COCO.javadoc" value="" />
    <property name="java.runtime.version" value="1.7.0_45-b18" />
    <property name="libs.ejb3-persistence.javadoc" value="" />
    <property name="jbi.service-assembly.description" value="Represents the Service Assembly of TravelGoodApp" />
    <property name="default.javac.target" value="1.7" />
    <property name="libs.junit_4.classpath" value="C:\OpenESB-v2.3\netbeans\java\modules\ext\junit-4.10.jar" />
    <property name="user.timezone" value="" />
    <property name="java.module.install.dir" value="C:\OpenESB-v2.3\netbeans\java\modules" />
    <property name="libs.JAVADB_DRIVER_LABEL.javadoc" value="" />
    <property name="libs.javaee-endorsed-api-6.0.maven-pom" value="" />
    <property name="netbeans.dirs" value="C:\OpenESB-v2.3\netbeans\soa;C:\OpenESB-v2.3\netbeans\apisupport;C:\OpenESB-v2.3\netbeans\enterprise;C:\OpenESB-v2.3\netbeans\ergonomics;C:\OpenESB-v2.3\netbeans\harness;C:\OpenESB-v2.3\netbeans\ide;C:\OpenESB-v2.3\netbeans\java;C:\OpenESB-v2.3\netbeans\nb;C:\OpenESB-v2.3\netbeans\profiler;C:\OpenESB-v2.3\netbeans\webcommon;C:\OpenESB-v2.3\netbeans\websvccommon" />
    <property name="libs.jsf20.javadoc" value="C:\OpenESB-v2.3\netbeans\enterprise\docs\javaee6-doc-api.zip" />
    <property name="java.ext.dirs" value="C:\Program Files (x86)\Java\jdk1.7.0_45\jre\lib\ext;C:\WINDOWS\Sun\Java\lib\ext" />
    <property name="libs.metro.src" value="" />
    <property name="libs.absolutelayout.classpath" value="C:\OpenESB-v2.3\netbeans\java\modules\ext\AbsoluteLayout.jar" />
    <property name="libs.restlib.maven-pom" value="" />
    <property name="libs.metro.classpath" value="C:\OpenESB-v2.3\netbeans\ide\modules\ext\jaxb\activation.jar;C:\OpenESB-v2.3\netbeans\enterprise\modules\ext\metro\webservices-api.jar;C:\OpenESB-v2.3\netbeans\enterprise\modules\ext\metro\webservices-extra-api.jar;C:\OpenESB-v2.3\netbeans\enterprise\modules\ext\metro\webservices-extra.jar;C:\OpenESB-v2.3\netbeans\enterprise\modules\ext\metro\webservices-rt.jar;C:\OpenESB-v2.3\netbeans\enterprise\modules\ext\metro\webservices-tools.jar" />
    <property name="java.class.path" value="C:\OpenESB-v2.3\netbeans\soa\modules\org-netbeans-modules-compapp-manager-jbi.jar;C:\OpenESB-v2.3\netbeans\soa\modules\org-netbeans-modules-compapp-projects-jbi.jar;C:\OpenESB-v2.3\netbeans\soa\modules\ext\jbi-admin-common.jar;C:\OpenESB-v2.3\netbeans\soa\modules\ext\catd.jar;C:\OpenESB-v2.3\netbeans\java\modules\ext\junit-3.8.2.jar;C:\OpenESB-v2.3\netbeans\ide\modules\org-netbeans-modules-editor-lib.jar;C:\OpenESB-v2.3\netbeans\ide\modules\org-netbeans-modules-editor.jar;C:\OpenESB-v2.3\netbeans\ide\modules\org-netbeans-modules-editor-deprecated-pre65formatting.jar;C:\OpenESB-v2.3\netbeans\ide\modules\org-netbeans-modules-editor-util.jar;C:\OpenESB-v2.3\netbeans\ide\modules\org-netbeans-modules-editor-lib2.jar;C:\OpenESB-v2.3\netbeans\ide\modules\org-netbeans-modules-editor-indent.jar;C:\OpenESB-v2.3\netbeans\ide\modules\org-netbeans-modules-editor-plain.jar;C:\OpenESB-v2.3\netbeans\ide\modules\org-netbeans-modules-editor-plain-lib.jar;C:\OpenESB-v2.3\netbeans\ide\modules\org-netbeans-modules-editor-settings.jar;C:\OpenESB-v2.3\netbeans\ide\modules\org-netbeans-modules-editor-settings-storage.jar;C:\OpenESB-v2.3\netbeans\ide\modules\org-netbeans-modules-lexer.jar;C:\OpenESB-v2.3\netbeans\ide\modules\org-netbeans-modules-xml-core.jar;C:\OpenESB-v2.3\netbeans\ide\modules\org-netbeans-modules-xml-lexer.jar;C:\OpenESB-v2.3\netbeans\ide\modules\org-netbeans-modules-xml-text.jar;C:\OpenESB-v2.3\netbeans\ide\modules\org-netbeans-modules-xml-xdm.jar;C:\OpenESB-v2.3\netbeans\ide\modules\org-netbeans-modules-xml-xam.jar;C:\OpenESB-v2.3\netbeans\ide\modules\org-netbeans-modules-csl-api.jar;C:\OpenESB-v2.3\netbeans\ide\modules\ext\jaxb\activation.jar;C:\OpenESB-v2.3\netbeans\platform\lib\org-openide-modules.jar;C:\OpenESB-v2.3\netbeans\platform\lib\org-openide-util.jar;C:\OpenESB-v2.3\netbeans\platform\lib\org-openide-util-lookup.jar;C:\OpenESB-v2.3\netbeans\platform\modules\org-openide-awt.jar;C:\OpenESB-v2.3\netbeans\platform\modules\org-openide-options.jar;C:\OpenESB-v2.3\netbeans\platform\modules\org-openide-text.jar;C:\OpenESB-v2.3\netbeans\platform\modules\org-openide-loaders.jar;C:\OpenESB-v2.3\netbeans\platform\modules\org-openide-nodes.jar;C:\OpenESB-v2.3\netbeans\platform\modules\org-netbeans-modules-editor-mimelookup.jar;C:\OpenESB-v2.3\netbeans\platform\modules\org-netbeans-modules-editor-mimelookup-impl.jar;C:\OpenESB-v2.3\netbeans\platform\core\org-openide-filesystems.jar;C:\OpenESB-v2.3\netbeans\platform\modules\org-netbeans-modules-keyring.jar;C:\OpenESB-v2.3\netbeans\platform\modules\org-openide-dialogs.jar;C:\OpenESB-v2.3\netbeans\java\ant\lib\ant-launcher.jar;C:\OpenESB-v2.3\netbeans\java\ant\lib\ant.jar;C:\OpenESB-v2.3\netbeans\java\ant\lib\ant-junit.jar;C:\OpenESB-v2.3\netbeans\java\ant\lib\ant-junit4.jar" />
    <property name="jbi.content.component" value="sun-bpel-engine" />
    <property name="libs.absolutelayout.src" value="" />
    <property name="libs.jpa20-persistence.classpath" value="C:\OpenESB-v2.3\netbeans\java\modules\ext\eclipselink\javax.persistence-2.0.3.jar" />
    <property name="os.version" value="6.2" />
    <property name="sun.awt.enableExtraMouseButtons" value="true" />
    <property name="sun.desktop" value="windows" />
    <property name="libs.PojoSELib.maven-pom" value="" />
    <property name="libs.restlib.javadoc" value="C:\OpenESB-v2.3\netbeans\enterprise\docs\jersey-1.8-javadoc.zip;C:\OpenESB-v2.3\netbeans\enterprise\docs\jersey-apache-client-1.8-javadoc.zip;C:\OpenESB-v2.3\netbeans\enterprise\docs\jersey-atom-abdera-1.8-javadoc.zip;C:\OpenESB-v2.3\netbeans\enterprise\docs\jersey-guice-1.8-javadoc.zip;C:\OpenESB-v2.3\netbeans\enterprise\docs\jersey-multipart-1.8-javadoc.zip;C:\OpenESB-v2.3\netbeans\enterprise\docs\jersey-simple-server-1.8-javadoc.zip;C:\OpenESB-v2.3\netbeans\enterprise\docs\jersey-spring-1.8-javadoc.zip;C:\OpenESB-v2.3\netbeans\enterprise\docs\oauth-client-1.8-javadoc.zip;C:\OpenESB-v2.3\netbeans\enterprise\docs\oauth-server-1.8-javadoc.zip;C:\OpenESB-v2.3\netbeans\enterprise\docs\oauth-signature-1.8-javadoc.zip" />
    <property name="libs.JAXB-ENDORSED.classpath" value="C:\OpenESB-v2.3\netbeans\ide\modules\ext\jaxb\api\jaxb-api.jar" />
    <property name="libs.eclipselink.classpath" value="C:\OpenESB-v2.3\netbeans\java\modules\ext\eclipselink\eclipselink-2.3.2.jar;C:\OpenESB-v2.3\netbeans\java\modules\ext\eclipselink\javax.persistence-2.0.3.jar;C:\OpenESB-v2.3\netbeans\java\modules\ext\eclipselink\org.eclipse.persistence.jpa.jpql_1.0.1.jar" />
    <property name="libs.beans-binding.javadoc" value="C:\OpenESB-v2.3\netbeans\java\docs\beansbinding-1.2.1-doc.zip" />
    <property name="java.awt.graphicsenv" value="sun.awt.Win32GraphicsEnvironment" />
    <property name="java.vm.vendor" value="Oracle Corporation" />
    <property name="libs.CopyLibs.classpath" value="C:\OpenESB-v2.3\netbeans\java\ant\extra\org-netbeans-modules-java-j2seproject-copylibstask.jar" />
    <property name="libs.spring-framework300.classpath" value="C:\OpenESB-v2.3\netbeans\ide\modules\org-apache-commons-logging.jar;C:\OpenESB-v2.3\netbeans\java\modules\ext\cglib-2.2.jar;C:\OpenESB-v2.3\netbeans\java\modules\ext\spring-3.0\spring-aop-3.1.1.RELEASE.jar;C:\OpenESB-v2.3\netbeans\java\modules\ext\spring-3.0\spring-asm-3.1.1.RELEASE.jar;C:\OpenESB-v2.3\netbeans\java\modules\ext\spring-3.0\spring-aspects-3.1.1.RELEASE.jar;C:\OpenESB-v2.3\netbeans\java\modules\ext\spring-3.0\spring-beans-3.1.1.RELEASE.jar;C:\OpenESB-v2.3\netbeans\java\modules\ext\spring-3.0\spring-context-3.1.1.RELEASE.jar;C:\OpenESB-v2.3\netbeans\java\modules\ext\spring-3.0\spring-context-support-3.1.1.RELEASE.jar;C:\OpenESB-v2.3\netbeans\java\modules\ext\spring-3.0\spring-core-3.1.1.RELEASE.jar;C:\OpenESB-v2.3\netbeans\java\modules\ext\spring-3.0\spring-expression-3.1.1.RELEASE.jar;C:\OpenESB-v2.3\netbeans\java\modules\ext\spring-3.0\spring-instrument-3.1.1.RELEASE.jar;C:\OpenESB-v2.3\netbeans\java\modules\ext\spring-3.0\spring-instrument-tomcat-3.1.1.RELEASE.jar;C:\OpenESB-v2.3\netbeans\java\modules\ext\spring-3.0\spring-jdbc-3.1.1.RELEASE.jar;C:\OpenESB-v2.3\netbeans\java\modules\ext\spring-3.0\spring-jms-3.1.1.RELEASE.jar;C:\OpenESB-v2.3\netbeans\java\modules\ext\spring-3.0\spring-orm-3.1.1.RELEASE.jar;C:\OpenESB-v2.3\netbeans\java\modules\ext\spring-3.0\spring-oxm-3.1.1.RELEASE.jar;C:\OpenESB-v2.3\netbeans\java\modules\ext\spring-3.0\spring-test-3.1.1.RELEASE.jar;C:\OpenESB-v2.3\netbeans\java\modules\ext\spring-3.0\spring-tx-3.1.1.RELEASE.jar;C:\OpenESB-v2.3\netbeans\java\modules\ext\spring-3.0\spring-web-3.1.1.RELEASE.jar;C:\OpenESB-v2.3\netbeans\java\modules\ext\spring-3.0\spring-webmvc-portlet-3.1.1.RELEASE.jar;C:\OpenESB-v2.3\netbeans\java\modules\ext\spring-3.0\spring-webmvc-3.1.1.RELEASE.jar;C:\OpenESB-v2.3\netbeans\java\modules\ext\spring-3.0\spring-struts-3.1.1.RELEASE.jar" />
    <property name="libs.jsp-compiler.maven-pom" value="" />
    <property name="libs.Encoder-COCO.classpath" value="C:\OpenESB-v2.3\netbeans\soa\modules\ext\coco.jar;C:\OpenESB-v2.3\netbeans\soa\modules\ext\cocoencoder-xsdextension.jar" />
    <property name="libs.spring-webmvc.maven-pom" value="" />
    <property name="libs.ejb3-persistence.classpath" value="C:\OpenESB-v2.3\netbeans\java\modules\ext\hibernate\ejb3-persistence.jar" />
    <property name="libs.JAXB-ENDORSED.src" value="" />
    <property name="libs.spring-framework.javadoc" value="" />
    <property name="libs.testng.javadoc" value="C:\OpenESB-v2.3\netbeans\platform\docs\testng-6.5.1-javadoc.zip" />
    <property name="user.script" value="" />
    <property name="libs.PostgreSQLDriver.classpath" value="C:\OpenESB-v2.3\netbeans\ide\modules\ext\postgresql-9.1-901.jdbc4.jar" />
    <property name="libs.jsf12.maven-pom" value="" />
    <property name="soa.module.install.dir" value="C:\OpenESB-v2.3\netbeans\soa\modules" />
    <property name="libs.Encoder-Custom.src" value="" />
    <property name="libs.junit.src" value="" />
    <property name="libs.CopyLibs.src" value="" />
    <property name="build.dir" value="build" />
    <property name="libs.jsp-compilation.classpath" value="C:\OpenESB-v2.3\netbeans\java\ant\lib\ant.jar;C:\OpenESB-v2.3\netbeans\enterprise\modules\ext\servlet3.0-jsp2.2-api.jar;C:\OpenESB-v2.3\netbeans\enterprise\modules\ext\glassfish-jspparser-3.0.jar;C:\OpenESB-v2.3\netbeans\enterprise\modules\ext\jsf-2_1\jsf-api.jar;C:\OpenESB-v2.3\netbeans\enterprise\modules\ext\jstl.jar;C:\OpenESB-v2.3\netbeans\java\ant\lib\ant-launcher.jar" />
    <property name="ant.version" value="Apache Ant(TM) version 1.8.3 compiled on February 26 2012" />
    <property name="file.encoding" value="Cp1250" />
    <property name="awt.toolkit" value="sun.awt.windows.WToolkit" />
  </properties>
  <testcase classname="org.netbeans.modules.compapp.catd.ConfiguredTest" name="05. GetHotelsTestCase" time="0.751">
    <failure message="[2013-11-13 14:42:23] The response is not identical to the expected output." type="junit.framework.AssertionFailedError">junit.framework.AssertionFailedError: [2013-11-13 14:42:23] The response is not identical to the expected output.
	at org.netbeans.modules.compapp.catd.ConfiguredTest.checkExpectedOutput(ConfiguredTest.java:2354)
	at org.netbeans.modules.compapp.catd.ConfiguredTest.checkExpectedOutput(ConfiguredTest.java:2224)
	at org.netbeans.modules.compapp.catd.ConfiguredTest.testConcurrentSOAPRequest(ConfiguredTest.java:867)
</failure>
  </testcase>
  <system-out><![CDATA[GenerateATSOutput=${generate.ats.output}
NetBeansUserDir=C:\OpenESB-v2.3\.netbeans\openesb
ServerPassword=adminadmin
awt.toolkit=sun.awt.windows.WToolkit
file.encoding=Cp1250
file.encoding.pkg=sun.io
file.separator=\
inDebug=${inDebug}
java.awt.graphicsenv=sun.awt.Win32GraphicsEnvironment
java.awt.headless=${java.awt.headless}
java.awt.printerjob=sun.awt.windows.WPrinterJob
java.class.path=C:\OpenESB-v2.3\netbeans\soa\modules\org-netbeans-modules-compapp-manager-jbi.jar;C:\OpenESB-v2.3\netbeans\soa\modules\org-netbeans-modules-compapp-projects-jbi.jar;C:\OpenESB-v2.3\netbeans\soa\modules\ext\jbi-admin-common.jar;C:\OpenESB-v2.3\netbeans\soa\modules\ext\catd.jar;C:\OpenESB-v2.3\netbeans\java\modules\ext\junit-3.8.2.jar;C:\OpenESB-v2.3\netbeans\ide\modules\org-netbeans-modules-editor-lib.jar;C:\OpenESB-v2.3\netbeans\ide\modules\org-netbeans-modules-editor.jar;C:\OpenESB-v2.3\netbeans\ide\modules\org-netbeans-modules-editor-deprecated-pre65formatting.jar;C:\OpenESB-v2.3\netbeans\ide\modules\org-netbeans-modules-editor-util.jar;C:\OpenESB-v2.3\netbeans\ide\modules\org-netbeans-modules-editor-lib2.jar;C:\OpenESB-v2.3\netbeans\ide\modules\org-netbeans-modules-editor-indent.jar;C:\OpenESB-v2.3\netbeans\ide\modules\org-netbeans-modules-editor-plain.jar;C:\OpenESB-v2.3\netbeans\ide\modules\org-netbeans-modules-editor-plain-lib.jar;C:\OpenESB-v2.3\netbeans\ide\modules\org-netbeans-modules-editor-settings.jar;C:\OpenESB-v2.3\netbeans\ide\modules\org-netbeans-modules-editor-settings-storage.jar;C:\OpenESB-v2.3\netbeans\ide\modules\org-netbeans-modules-lexer.jar;C:\OpenESB-v2.3\netbeans\ide\modules\org-netbeans-modules-xml-core.jar;C:\OpenESB-v2.3\netbeans\ide\modules\org-netbeans-modules-xml-lexer.jar;C:\OpenESB-v2.3\netbeans\ide\modules\org-netbeans-modules-xml-text.jar;C:\OpenESB-v2.3\netbeans\ide\modules\org-netbeans-modules-xml-xdm.jar;C:\OpenESB-v2.3\netbeans\ide\modules\org-netbeans-modules-xml-xam.jar;C:\OpenESB-v2.3\netbeans\ide\modules\org-netbeans-modules-csl-api.jar;C:\OpenESB-v2.3\netbeans\ide\modules\ext\jaxb\activation.jar;C:\OpenESB-v2.3\netbeans\platform\lib\org-openide-modules.jar;C:\OpenESB-v2.3\netbeans\platform\lib\org-openide-util.jar;C:\OpenESB-v2.3\netbeans\platform\lib\org-openide-util-lookup.jar;C:\OpenESB-v2.3\netbeans\platform\modules\org-openide-awt.jar;C:\OpenESB-v2.3\netbeans\platform\modules\org-openide-options.jar;C:\OpenESB-v2.3\netbeans\platform\modules\org-openide-text.jar;C:\OpenESB-v2.3\netbeans\platform\modules\org-openide-loaders.jar;C:\OpenESB-v2.3\netbeans\platform\modules\org-openide-nodes.jar;C:\OpenESB-v2.3\netbeans\platform\modules\org-netbeans-modules-editor-mimelookup.jar;C:\OpenESB-v2.3\netbeans\platform\modules\org-netbeans-modules-editor-mimelookup-impl.jar;C:\OpenESB-v2.3\netbeans\platform\core\org-openide-filesystems.jar;C:\OpenESB-v2.3\netbeans\platform\modules\org-netbeans-modules-keyring.jar;C:\OpenESB-v2.3\netbeans\platform\modules\org-openide-dialogs.jar;C:\OpenESB-v2.3\netbeans\java\ant\lib\ant-launcher.jar;C:\OpenESB-v2.3\netbeans\java\ant\lib\ant.jar;C:\OpenESB-v2.3\netbeans\java\ant\lib\ant-junit.jar;C:\OpenESB-v2.3\netbeans\java\ant\lib\ant-junit4.jar
java.class.version=51.0
java.endorsed.dirs=C:\Program Files (x86)\Java\jdk1.7.0_45\jre\lib\endorsed
java.ext.dirs=C:\Program Files (x86)\Java\jdk1.7.0_45\jre\lib\ext;C:\WINDOWS\Sun\Java\lib\ext
java.home=C:\Program Files (x86)\Java\jdk1.7.0_45\jre
java.io.tmpdir=C:\Users\Bartosz\AppData\Local\Temp\
java.library.path=C:\Program Files (x86)\Java\jdk1.7.0_45\jre\bin;C:\WINDOWS\Sun\Java\bin;C:\WINDOWS\system32;C:\WINDOWS;C:\Program Files (x86)\NVIDIA Corporation\PhysX\Common;C:\Program Files (x86)\Intel\iCLS Client\;C:\Program Files\Intel\iCLS Client\;C:\WINDOWS\system32;C:\WINDOWS;C:\WINDOWS\System32\Wbem;C:\WINDOWS\System32\WindowsPowerShell\v1.0\;C:\Program Files\Intel\Intel(R) Management Engine Components\DAL;C:\Program Files\Intel\Intel(R) Management Engine Components\IPT;C:\Program Files (x86)\Intel\Intel(R) Management Engine Components\DAL;C:\Program Files (x86)\Intel\Intel(R) Management Engine Components\IPT;C:\Program Files\Intel\WiFi\bin\;C:\Program Files\Common Files\Intel\WirelessCommon\;D:\dev\mysql\MySQL Utilities 1.3.4\;C:\Program Files\TortoiseSVN\bin;C:\Program Files\TortoiseGit\bin;D:\dev\jdk\jdk1.7.0_25\bin;D:\dev\maven\apache-maven-3.1.0\bin;D:\dev\ant\apache-ant-1.9.2\bin;C:\Program Files\Intel\WiFi\bin\;C:\Program Files\Common Files\Intel\WirelessCommon\;D:\dev\android_sdk\tools;D:\dev\android_sdk\platform-tools;C:\Users\Bartosz\tools\nirsoft launcher\NirSoft\x64;.
java.runtime.name=Java(TM) SE Runtime Environment
java.runtime.version=1.7.0_45-b18
java.specification.name=Java Platform API Specification
java.specification.vendor=Oracle Corporation
java.specification.version=1.7
java.vendor=Oracle Corporation
java.vendor.url=http://java.oracle.com/
java.vendor.url.bug=http://bugreport.sun.com/bugreport/
java.version=1.7.0_45
java.vm.info=mixed mode, sharing
java.vm.name=Java HotSpot(TM) Client VM
java.vm.specification.name=Java Virtual Machine Specification
java.vm.specification.vendor=Oracle Corporation
java.vm.specification.version=1.7
java.vm.vendor=Oracle Corporation
java.vm.version=24.45-b08
line.separator=

org.netbeans.modules.compapp.catd.context=
os.arch=x86
os.name=Windows 8
os.version=6.2
path.separator=;
sun.arch.data.model=32
sun.boot.class.path=C:\Program Files (x86)\Java\jdk1.7.0_45\jre\lib\resources.jar;C:\Program Files (x86)\Java\jdk1.7.0_45\jre\lib\rt.jar;C:\Program Files (x86)\Java\jdk1.7.0_45\jre\lib\sunrsasign.jar;C:\Program Files (x86)\Java\jdk1.7.0_45\jre\lib\jsse.jar;C:\Program Files (x86)\Java\jdk1.7.0_45\jre\lib\jce.jar;C:\Program Files (x86)\Java\jdk1.7.0_45\jre\lib\charsets.jar;C:\Program Files (x86)\Java\jdk1.7.0_45\jre\lib\jfr.jar;C:\Program Files (x86)\Java\jdk1.7.0_45\jre\classes
sun.boot.library.path=C:\Program Files (x86)\Java\jdk1.7.0_45\jre\bin
sun.cpu.endian=little
sun.cpu.isalist=pentium_pro+mmx pentium_pro pentium+mmx pentium i486 i386 i86
sun.desktop=windows
sun.io.unicode.encoding=UnicodeLittle
sun.java.command=org.apache.tools.ant.taskdefs.optional.junit.JUnitTestRunner org.netbeans.modules.compapp.catd.ConfiguredTest filtertrace=true haltOnError=false haltOnFailure=false showoutput=true outputtoformatters=true logfailedtests=true logtestlistenerevents=true formatter=org.apache.tools.ant.taskdefs.optional.junit.BriefJUnitResultFormatter formatter=org.apache.tools.ant.taskdefs.optional.junit.XMLJUnitResultFormatter,D:\Dropbox\DTU\webservices\travelgood\trunk\TravelGoodApp\test\results\TEST-org.netbeans.modules.compapp.catd.ConfiguredTest.xml crashfile=C:\Users\Bartosz\AppData\Local\Temp\junitvmwatcher915685243021645569.properties propsfile=C:\Users\Bartosz\AppData\Local\Temp\junit2297449511330136378.properties
sun.java.launcher=SUN_STANDARD
sun.jnu.encoding=Cp1250
sun.management.compiler=HotSpot Client Compiler
sun.os.patch.level=
user.country=US
user.country.format=PL
user.dir=D:\Dropbox\DTU\webservices\travelgood\trunk\TravelGoodApp
user.home=C:\Users\Bartosz
user.language=en
user.language.format=pl
user.name=Bartosz
user.script=
user.timezone=Europe/Paris
user.variant=
Test 05. GetHotelsTestCase\Concurrent.properties
  * Difference (Delete): getHotelsResponse
  * Difference (Add): SOAP-ENV:Fault
 Failed. (Destination: http://localhost:8085/travelGoodBpelService)
]]></system-out>
  <system-err><![CDATA[lis 13, 2013 2:42:23 PM org.netbeans.modules.editor.settings.storage.keybindings.KeyMapsStorage$KeyMapsReader startElement
WARNING: The keybinding 'A-MOUSE_WHEEL_UP' in Editors/Keybindings/NetBeans/Defaults/org-netbeans-modules-editor-keybindings.xml may not work correctly on Mac. Keybindings starting with Alt or Ctrl should be coded with latin capital letters 'O' or 'D' respectively. For details see org.openide.util.Utilities.stringToKey().
lis 13, 2013 2:42:23 PM org.netbeans.modules.editor.settings.storage.keybindings.KeyMapsStorage$KeyMapsReader startElement
WARNING: The keybinding 'A-MOUSE_WHEEL_DOWN' in Editors/Keybindings/NetBeans/Defaults/org-netbeans-modules-editor-keybindings.xml may not work correctly on Mac. Keybindings starting with Alt or Ctrl should be coded with latin capital letters 'O' or 'D' respectively. For details see org.openide.util.Utilities.stringToKey().
]]></system-err>
</testsuite>
